<?xml version="1.0" encoding="UTF-8"?>
<testng-results ignored="0" total="1" passed="1" failed="0" skipped="0">
  <reporter-output>
    <line>
      <![CDATA[testCase is Started !]]>
    </line>
    <line>
      <![CDATA[onTestSuccess]]>
    </line>
  </reporter-output>
  <suite started-at="2024-08-08T18:04:12 IST" name="Default suite" finished-at="2024-08-08T18:04:26 IST" duration-ms="13945">
    <groups>
    </groups>
    <test started-at="2024-08-08T18:04:12 IST" name="Default test" finished-at="2024-08-08T18:04:26 IST" duration-ms="13945">
      <class name="VTiger.CreateOrganizationWithIndustries">
        <test-method is-config="true" signature="preCondition()[pri:0, instance:VTiger.CreateOrganizationWithIndustries@26d9b808]" started-at="2024-08-08T18:04:12 IST" name="preCondition" finished-at="2024-08-08T18:04:15 IST" duration-ms="2391" status="PASS">
          <reporter-output>
          </reporter-output>
        </test-method> <!-- preCondition -->
        <test-method is-config="true" signature="login()[pri:0, instance:VTiger.CreateOrganizationWithIndustries@26d9b808]" started-at="2024-08-08T18:04:15 IST" name="login" finished-at="2024-08-08T18:04:17 IST" duration-ms="2474" status="PASS">
          <reporter-output>
          </reporter-output>
        </test-method> <!-- login -->
        <test-method signature="testCase()[pri:0, instance:VTiger.CreateOrganizationWithIndustries@26d9b808]" started-at="2024-08-08T18:04:17 IST" name="testCase" finished-at="2024-08-08T18:04:25 IST" duration-ms="7600" status="PASS">
          <reporter-output>
            <line>
              <![CDATA[testCase is Started !]]>
            </line>
            <line>
              <![CDATA[onTestSuccess]]>
            </line>
          </reporter-output>
        </test-method> <!-- testCase -->
        <test-method is-config="true" signature="logout()[pri:0, instance:VTiger.CreateOrganizationWithIndustries@26d9b808]" started-at="2024-08-08T18:04:25 IST" name="logout" finished-at="2024-08-08T18:04:26 IST" duration-ms="935" status="PASS">
          <reporter-output>
          </reporter-output>
        </test-method> <!-- logout -->
        <test-method is-config="true" signature="postCondition()[pri:0, instance:VTiger.CreateOrganizationWithIndustries@26d9b808]" started-at="2024-08-08T18:04:26 IST" name="postCondition" finished-at="2024-08-08T18:04:26 IST" duration-ms="312" status="PASS">
          <reporter-output>
          </reporter-output>
        </test-method> <!-- postCondition -->
      </class> <!-- VTiger.CreateOrganizationWithIndustries -->
    </test> <!-- Default test -->
  </suite> <!-- Default suite -->
</testng-results>
